<?xml version="1.0" encoding="UTF-8"?>
<!-- Generated by org.testng.reporters.JUnitXMLReporter -->
<testsuite ignored="0" hostname="CPX-OLCDC79TE4V" failures="1" tests="2" name="Validating the Page Title" time="13.892" errors="0" timestamp="2021-06-30T22:36:02 BST">
  <testcase classname="Academy.ValidateTitle" name="validateHeader" time="0.104"/>
  <testcase classname="Academy.ValidateTitle" name="validatePageText" time="0.123">
    <failure type="java.lang.AssertionError" message="expected [true] but found [false]">
      <![CDATA[java.lang.AssertionError: expected [true] but found [false]
at Academy.ValidateTitle.validatePageText(ValidateTitle.java:31)
at java.base/java.util.ArrayList.forEach(ArrayList.java:1511)
at java.base/java.util.concurrent.FutureTask.run(FutureTask.java:264)
at java.base/java.util.concurrent.ThreadPoolExecutor.runWorker(ThreadPoolExecutor.java:1130)
at java.base/java.util.concurrent.ThreadPoolExecutor$Worker.run(ThreadPoolExecutor.java:630)
at java.base/java.lang.Thread.run(Thread.java:832)
... Removed 22 stack frames]]>
    </failure>
  </testcase> <!-- validatePageText -->
</testsuite> <!-- Validating the Page Title -->
