<?xml version="1.0" encoding="UTF-8"?>
<!-- Generated by org.testng.reporters.JUnitXMLReporter -->
<testsuite ignored="0" hostname="CPX-OLCDC79TE4V" failures="0" tests="1" name="Validating the Navigation Bar" time="0.067" errors="0" timestamp="2021-07-01T14:48:36 BST">
  <testcase classname="Automation.E2EProjectTwo.ValidateNavBar" name="@BeforeTest initialise" time="0.008">
    <failure type="java.lang.NullPointerException" message="Cannot invoke &amp;quot;String.contains(java.lang.CharSequence)&amp;quot; because &amp;quot;browser&amp;quot; is null">
      <![CDATA[java.lang.NullPointerException: Cannot invoke "String.contains(java.lang.CharSequence)" because "browser" is null
at resources.Base.initialiseDriver(Base.java:32)
at Automation.E2EProjectTwo.ValidateNavBar.initialise(ValidateNavBar.java:21)
at java.base/java.util.concurrent.FutureTask.run(FutureTask.java:264)
at java.base/java.util.concurrent.ThreadPoolExecutor.runWorker(ThreadPoolExecutor.java:1130)
at java.base/java.util.concurrent.ThreadPoolExecutor$Worker.run(ThreadPoolExecutor.java:630)
at java.base/java.lang.Thread.run(Thread.java:832)
... Removed 15 stack frames]]>
    </failure>
  </testcase> <!-- @BeforeTest initialise -->
  <testcase classname="Automation.E2EProjectTwo.ValidateTitle" name="@BeforeTest initialise" time="0.008">
    <failure type="java.lang.NullPointerException" message="Cannot invoke &amp;quot;String.contains(java.lang.CharSequence)&amp;quot; because &amp;quot;browser&amp;quot; is null">
      <![CDATA[java.lang.NullPointerException: Cannot invoke "String.contains(java.lang.CharSequence)" because "browser" is null
at resources.Base.initialiseDriver(Base.java:32)
at Automation.E2EProjectTwo.ValidateTitle.initialise(ValidateTitle.java:21)
at java.base/java.util.concurrent.FutureTask.run(FutureTask.java:264)
at java.base/java.util.concurrent.ThreadPoolExecutor.runWorker(ThreadPoolExecutor.java:1130)
at java.base/java.util.concurrent.ThreadPoolExecutor$Worker.run(ThreadPoolExecutor.java:630)
at java.base/java.lang.Thread.run(Thread.java:832)
... Removed 15 stack frames]]>
    </failure>
  </testcase> <!-- @BeforeTest initialise -->
  <testcase classname="Automation.E2EProjectTwo.ValidateNavBar" name="@AfterTest teardown" time="-1.625147316026E9">
    <skipped/>
  </testcase> <!-- @AfterTest teardown -->
  <testcase classname="Automation.E2EProjectTwo.ValidateTitle" name="@AfterTest teardown" time="-1.625147316028E9">
    <skipped/>
  </testcase> <!-- @AfterTest teardown -->
  <testcase classname="Automation.E2EProjectTwo.ValidateNavBar" name="validateNavigationBar" time="0.0">
    <skipped/>
  </testcase> <!-- validateNavigationBar -->
</testsuite> <!-- Validating the Navigation Bar -->
