<?xml version="1.0" encoding="UTF-8"?>
<!-- Generated by org.testng.reporters.JUnitXMLReporter -->
<testsuite ignored="0" hostname="CPX-OLCDC79TE4V" failures="2" tests="11" name="AllTestsInPackageExample" time="0.099" errors="0" timestamp="2021-07-01T09:16:58 BST">
  <testcase classname="test.English" name="GreetingEng" time="0.004"/>
  <testcase classname="test.English" name="ParamOverrideTest" time="0.0">
    <failure type="org.testng.TestNGException" message="
Parameter &amp;apos;username&amp;apos; is required by @Test on method ParamOverrideTest but has not been marked @Optional or defined
in C:\Users\stephen.mcnicholas\eclipse-workspace\TestNGPractice\runAllTestsInSpecificPackage.xml">
      <![CDATA[org.testng.TestNGException: 
Parameter 'username' is required by @Test on method ParamOverrideTest but has not been marked @Optional or defined
in C:\Users\stephen.mcnicholas\eclipse-workspace\TestNGPractice\runAllTestsInSpecificPackage.xml
at java.base/java.util.ArrayList.forEach(ArrayList.java:1511)
... Removed 26 stack frames]]>
    </failure>
  </testcase> <!-- ParamOverrideTest -->
  <testcase classname="test.French" name="FarewellFre" time="0.001"/>
  <testcase classname="test.French" name="QuestionFre" time="0.001"/>
  <testcase classname="test.German" name="GreetingGer" time="0.011">
    <failure type="java.lang.AssertionError" message="expected [true] but found [false]">
      <![CDATA[java.lang.AssertionError: expected [true] but found [false]
at test.German.GreetingGer(German.java:13)
at java.base/java.util.concurrent.FutureTask.run(FutureTask.java:264)
at java.base/java.util.concurrent.ThreadPoolExecutor.runWorker(ThreadPoolExecutor.java:1130)
at java.base/java.util.concurrent.ThreadPoolExecutor$Worker.run(ThreadPoolExecutor.java:630)
at java.base/java.lang.Thread.run(Thread.java:832)
... Removed 12 stack frames]]>
    </failure>
  </testcase> <!-- GreetingGer -->
  <testcase classname="test.German" name="QuestionGer" time="0.0">
    <skipped/>
  </testcase> <!-- QuestionGer -->
  <testcase classname="test.Spanish" name="GreetingSpa" time="0.003"/>
  <testcase classname="test.Spanish" name="Login" time="0.003"/>
  <testcase classname="test.Spanish" name="Login" time="0.002"/>
  <testcase classname="test.Spanish" name="Login" time="0.002"/>
  <testcase classname="test.Spanish" name="QuestionSpa" time="0.001"/>
</testsuite> <!-- AllTestsInPackageExample -->
