<html>
<head>
<title>TestNG:  AllTestsInPackageExample</title>
<link href="../testng.css" rel="stylesheet" type="text/css" />
<link href="../my-testng.css" rel="stylesheet" type="text/css" />

<style type="text/css">
.log { display: none;} 
.stack-trace { display: none;} 
</style>
<script type="text/javascript">
<!--
function flip(e) {
  current = e.style.display;
  if (current == 'block') {
    e.style.display = 'none';
    return 0;
  }
  else {
    e.style.display = 'block';
    return 1;
  }
}

function toggleBox(szDivId, elem, msg1, msg2)
{
  var res = -1;  if (document.getElementById) {
    res = flip(document.getElementById(szDivId));
  }
  else if (document.all) {
    // this is the way old msie versions work
    res = flip(document.all[szDivId]);
  }
  if(elem) {
    if(res == 0) elem.innerHTML = msg1; else elem.innerHTML = msg2;
  }

}

function toggleAllBoxes() {
  if (document.getElementsByTagName) {
    d = document.getElementsByTagName('div');
    for (i = 0; i < d.length; i++) {
      if (d[i].className == 'log') {
        flip(d[i]);
      }
    }
  }
}

// -->
</script>

</head>
<body>
<h2 align='center'>AllTestsInPackageExample</h2><table border='1' align="center">
<tr>
<td>Tests passed/Failed/Skipped:</td><td>8/2/1</td>
</tr><tr>
<td>Started on:</td><td>Thu Jul 01 09:16:58 BST 2021</td>
</tr>
<tr><td>Total time:</td><td>0 seconds (99 ms)</td>
</tr><tr>
<td>Included groups:</td><td></td>
</tr><tr>
<td>Excluded groups:</td><td></td>
</tr>
</table><p/>
<small><i>(Hover the method name to see the test class name)</i></small><p/>
<table width='100%' border='1' class='invocation-failed'>
<tr><td colspan='4' align='center'><b>FAILED TESTS</b></td></tr>
<tr><td><b>Test method</b></td>
<td width="30%"><b>Exception</b></td>
<td width="10%"><b>Time (seconds)</b></td>
<td><b>Instance</b></td>
</tr>
<tr>
<td title='test.English.ParamOverrideTest()'><b>ParamOverrideTest</b><br>Test class: test.English</td>
<td><div><pre>org.testng.TestNGException: 
Parameter &apos;username&apos; is required by @Test on method ParamOverrideTest but has not been marked @Optional or defined
in C:\Users\stephen.mcnicholas\eclipse-workspace\TestNGPractice\runAllTestsInSpecificPackage.xml
	at java.base/java.util.ArrayList.forEach(ArrayList.java:1511)
... Removed 26 stack frames</pre></div><a href='#' onClick='toggleBox("stack-trace1855610584", this, "Click to show all stack frames", "Click to hide stack frames")'>Click to show all stack frames</a>
<div class='stack-trace' id='stack-trace1855610584'><pre>org.testng.TestNGException: 
Parameter &apos;username&apos; is required by @Test on method ParamOverrideTest but has not been marked @Optional or defined
in C:\Users\stephen.mcnicholas\eclipse-workspace\TestNGPractice\runAllTestsInSpecificPackage.xml
	at org.testng.internal.Parameters.createParams(Parameters.java:270)
	at org.testng.internal.Parameters.createParametersForMethod(Parameters.java:358)
	at org.testng.internal.Parameters.createParameters(Parameters.java:700)
	at org.testng.internal.Parameters.handleParameters(Parameters.java:884)
	at org.testng.internal.Parameters.handleParameters(Parameters.java:740)
	at org.testng.internal.ParameterHandler.handleParameters(ParameterHandler.java:59)
	at org.testng.internal.ParameterHandler.createParameters(ParameterHandler.java:38)
	at org.testng.internal.TestInvoker$MethodInvocationAgent.invoke(TestInvoker.java:791)
	at org.testng.internal.TestInvoker.invokeTestMethods(TestInvoker.java:146)
	at org.testng.internal.TestMethodWorker.invokeTestMethods(TestMethodWorker.java:146)
	at org.testng.internal.TestMethodWorker.run(TestMethodWorker.java:128)
	at java.base/java.util.ArrayList.forEach(ArrayList.java:1511)
	at org.testng.TestRunner.privateRun(TestRunner.java:794)
	at org.testng.TestRunner.run(TestRunner.java:596)
	at org.testng.SuiteRunner.runTest(SuiteRunner.java:377)
	at org.testng.SuiteRunner.runSequentially(SuiteRunner.java:371)
	at org.testng.SuiteRunner.privateRun(SuiteRunner.java:332)
	at org.testng.SuiteRunner.run(SuiteRunner.java:276)
	at org.testng.SuiteRunnerWorker.runSuite(SuiteRunnerWorker.java:53)
	at org.testng.SuiteRunnerWorker.run(SuiteRunnerWorker.java:96)
	at org.testng.TestNG.runSuitesSequentially(TestNG.java:1212)
	at org.testng.TestNG.runSuitesLocally(TestNG.java:1134)
	at org.testng.TestNG.runSuites(TestNG.java:1063)
	at org.testng.TestNG.run(TestNG.java:1031)
	at org.testng.remote.AbstractRemoteTestNG.run(AbstractRemoteTestNG.java:115)
	at org.testng.remote.RemoteTestNG.initAndRun(RemoteTestNG.java:251)
	at org.testng.remote.RemoteTestNG.main(RemoteTestNG.java:77)
</pre></div></td>
<td>0</td>
<td>test.English@fa49800</td></tr>
<tr>
<td title='test.German.GreetingGer()'><b>GreetingGer</b><br>Test class: test.German</td>
<td><div><pre>java.lang.AssertionError: expected [true] but found [false]
	at test.German.GreetingGer(German.java:13)
	at java.base/java.util.concurrent.FutureTask.run(FutureTask.java:264)
	at java.base/java.util.concurrent.ThreadPoolExecutor.runWorker(ThreadPoolExecutor.java:1130)
	at java.base/java.util.concurrent.ThreadPoolExecutor$Worker.run(ThreadPoolExecutor.java:630)
	at java.base/java.lang.Thread.run(Thread.java:832)
... Removed 12 stack frames</pre></div><a href='#' onClick='toggleBox("stack-trace88646218", this, "Click to show all stack frames", "Click to hide stack frames")'>Click to show all stack frames</a>
<div class='stack-trace' id='stack-trace88646218'><pre>java.lang.AssertionError: expected [true] but found [false]
	at org.testng.Assert.fail(Assert.java:99)
	at org.testng.Assert.failNotEquals(Assert.java:1037)
	at org.testng.Assert.assertTrue(Assert.java:45)
	at org.testng.Assert.assertTrue(Assert.java:55)
	at test.German.GreetingGer(German.java:13)
	at java.base/jdk.internal.reflect.NativeMethodAccessorImpl.invoke0(Native Method)
	at java.base/jdk.internal.reflect.NativeMethodAccessorImpl.invoke(NativeMethodAccessorImpl.java:64)
	at java.base/jdk.internal.reflect.DelegatingMethodAccessorImpl.invoke(DelegatingMethodAccessorImpl.java:43)
	at java.base/java.lang.reflect.Method.invoke(Method.java:564)
	at org.testng.internal.MethodInvocationHelper.invokeMethod(MethodInvocationHelper.java:133)
	at org.testng.internal.InvokeMethodRunnable.runOne(InvokeMethodRunnable.java:45)
	at org.testng.internal.InvokeMethodRunnable.call(InvokeMethodRunnable.java:73)
	at org.testng.internal.InvokeMethodRunnable.call(InvokeMethodRunnable.java:11)
	at java.base/java.util.concurrent.FutureTask.run(FutureTask.java:264)
	at java.base/java.util.concurrent.ThreadPoolExecutor.runWorker(ThreadPoolExecutor.java:1130)
	at java.base/java.util.concurrent.ThreadPoolExecutor$Worker.run(ThreadPoolExecutor.java:630)
	at java.base/java.lang.Thread.run(Thread.java:832)
</pre></div></td>
<td>0</td>
<td>test.German@47faa49c</td></tr>
</table><p>
<table width='100%' border='1' class='invocation-passed'>
<tr><td colspan='4' align='center'><b>PASSED TESTS</b></td></tr>
<tr><td><b>Test method</b></td>
<td width="30%"><b>Exception</b></td>
<td width="10%"><b>Time (seconds)</b></td>
<td><b>Instance</b></td>
</tr>
<tr>
<td title='test.English.GreetingEng()'><b>GreetingEng</b><br>Test class: test.English</td>
<td></td>
<td>0</td>
<td>test.English@fa49800</td></tr>
<tr>
<td title='test.Spanish.Login()'><b>Login</b><br>Test class: test.Spanish<br>Parameters: clara.mcnicholas, password03</td>
<td></td>
<td>0</td>
<td>test.Spanish@6da21078</td></tr>
<tr>
<td title='test.Spanish.Login()'><b>Login</b><br>Test class: test.Spanish<br>Parameters: stephen.mcnicholas, password01</td>
<td></td>
<td>0</td>
<td>test.Spanish@6da21078</td></tr>
<tr>
<td title='test.Spanish.GreetingSpa()'><b>GreetingSpa</b><br>Test class: test.Spanish</td>
<td></td>
<td>0</td>
<td>test.Spanish@6da21078</td></tr>
<tr>
<td title='test.Spanish.Login()'><b>Login</b><br>Test class: test.Spanish<br>Parameters: finnbar.mcnicholas, password02</td>
<td></td>
<td>0</td>
<td>test.Spanish@6da21078</td></tr>
<tr>
<td title='test.French.FarewellFre()'><b>FarewellFre</b><br>Test class: test.French</td>
<td></td>
<td>0</td>
<td>test.French@7133da86</td></tr>
<tr>
<td title='test.French.QuestionFre()'><b>QuestionFre</b><br>Test class: test.French<br>Parameters: qaclickacademy.com</td>
<td></td>
<td>0</td>
<td>test.French@7133da86</td></tr>
<tr>
<td title='test.Spanish.QuestionSpa()'><b>QuestionSpa</b><br>Test class: test.Spanish</td>
<td></td>
<td>0</td>
<td>test.Spanish@6da21078</td></tr>
</table><p>
<table width='100%' border='1' class='invocation-skipped'>
<tr><td colspan='4' align='center'><b>SKIPPED TESTS</b></td></tr>
<tr><td><b>Test method</b></td>
<td width="30%"><b>Exception</b></td>
<td width="10%"><b>Time (seconds)</b></td>
<td><b>Instance</b></td>
</tr>
<tr>
<td title='test.German.QuestionGer()'><b>QuestionGer</b><br>Test class: test.German</td>
<td><div><pre>java.lang.Throwable: Method German.QuestionGer()[pri:0, instance:test.German@47faa49c] depends on not successfully finished methods
	at java.base/java.util.ArrayList.forEach(ArrayList.java:1511)
... Removed 18 stack frames</pre></div><a href='#' onClick='toggleBox("stack-trace1916575798", this, "Click to show all stack frames", "Click to hide stack frames")'>Click to show all stack frames</a>
<div class='stack-trace' id='stack-trace1916575798'><pre>java.lang.Throwable: Method German.QuestionGer()[pri:0, instance:test.German@47faa49c] depends on not successfully finished methods
	at org.testng.internal.TestInvoker.invokeTestMethods(TestInvoker.java:102)
	at org.testng.internal.TestMethodWorker.invokeTestMethods(TestMethodWorker.java:146)
	at org.testng.internal.TestMethodWorker.run(TestMethodWorker.java:128)
	at java.base/java.util.ArrayList.forEach(ArrayList.java:1511)
	at org.testng.TestRunner.privateRun(TestRunner.java:794)
	at org.testng.TestRunner.run(TestRunner.java:596)
	at org.testng.SuiteRunner.runTest(SuiteRunner.java:377)
	at org.testng.SuiteRunner.runSequentially(SuiteRunner.java:371)
	at org.testng.SuiteRunner.privateRun(SuiteRunner.java:332)
	at org.testng.SuiteRunner.run(SuiteRunner.java:276)
	at org.testng.SuiteRunnerWorker.runSuite(SuiteRunnerWorker.java:53)
	at org.testng.SuiteRunnerWorker.run(SuiteRunnerWorker.java:96)
	at org.testng.TestNG.runSuitesSequentially(TestNG.java:1212)
	at org.testng.TestNG.runSuitesLocally(TestNG.java:1134)
	at org.testng.TestNG.runSuites(TestNG.java:1063)
	at org.testng.TestNG.run(TestNG.java:1031)
	at org.testng.remote.AbstractRemoteTestNG.run(AbstractRemoteTestNG.java:115)
	at org.testng.remote.RemoteTestNG.initAndRun(RemoteTestNG.java:251)
	at org.testng.remote.RemoteTestNG.main(RemoteTestNG.java:77)
</pre></div></td>
<td>0</td>
<td>test.German@47faa49c</td></tr>
</table><p>
</body>
</html>